src/br/unicamp/ic/sed/mobilemedia/album_mobilephonemgr/impl/IManager.java
src/br/unicamp/ic/sed/mobilemedia/album_mobilephonemgr/impl/IMobilePhoneAdapter.java
src/br/unicamp/ic/sed/mobilemedia/album_mobilephonemgr/impl/ComponentFactory.java
src/br/unicamp/ic/sed/mobilemedia/album_mobilephonemgr/impl/Manager.java
src/br/unicamp/ic/sed/mobilemedia/album_mobilephonemgr/impl/IAlbumAdapter.java
src/br/unicamp/ic/sed/mobilemedia/album_exceptionhandler/impl/IAdapterAlbumEH.java
src/br/unicamp/ic/sed/mobilemedia/album_exceptionhandler/impl/IManager.java
src/br/unicamp/ic/sed/mobilemedia/album_exceptionhandler/impl/ComponentFactory.java
src/br/unicamp/ic/sed/mobilemedia/album_exceptionhandler/impl/Manager.java
src/br/unicamp/ic/sed/mobilemedia/photo_mobilephonemgr/impl/IManager.java
src/br/unicamp/ic/sed/mobilemedia/photo_mobilephonemgr/impl/IMobilePhoneAdapter.java
src/br/unicamp/ic/sed/mobilemedia/photo_mobilephonemgr/impl/IPhotoAdapter.java
src/br/unicamp/ic/sed/mobilemedia/photo_mobilephonemgr/impl/ComponentFactory.java
src/br/unicamp/ic/sed/mobilemedia/photo_mobilephonemgr/impl/Manager.java
src/br/unicamp/ic/sed/mobilemedia/filesystemmgr_photo/impl/IAdapterFilesystemPhoto.java
src/br/unicamp/ic/sed/mobilemedia/filesystemmgr_photo/impl/IManager.java
src/br/unicamp/ic/sed/mobilemedia/filesystemmgr_photo/impl/ComponentFactory.java
src/br/unicamp/ic/sed/mobilemedia/filesystemmgr_photo/impl/Manager.java
src/br/unicamp/ic/sed/mobilemedia/main/spec/prov/IImageData.java
src/br/unicamp/ic/sed/mobilemedia/main/spec/prov/IMobileResources.java
src/br/unicamp/ic/sed/mobilemedia/main/impl/MainUIMidlet.java
src/br/unicamp/ic/sed/mobilemedia/filesystemmgr_album/impl/IManager.java
src/br/unicamp/ic/sed/mobilemedia/filesystemmgr_album/impl/ComponentFactory.java
src/br/unicamp/ic/sed/mobilemedia/filesystemmgr_album/impl/Manager.java
src/br/unicamp/ic/sed/mobilemedia/filesystemmgr_album/impl/IAdapterFilesystemAlbum.java
src/br/unicamp/ic/sed/mobilemedia/filesystemmgr_mobilephonemgr/impl/IManager.java
src/br/unicamp/ic/sed/mobilemedia/filesystemmgr_mobilephonemgr/impl/IFileSystemAdapter.java
src/br/unicamp/ic/sed/mobilemedia/filesystemmgr_mobilephonemgr/impl/ComponentFactory.java
src/br/unicamp/ic/sed/mobilemedia/filesystemmgr_mobilephonemgr/impl/Manager.java
src/br/unicamp/ic/sed/mobilemedia/mainuimidlet_exceptionhandler/impl/IManager.java
src/br/unicamp/ic/sed/mobilemedia/mainuimidlet_exceptionhandler/impl/ComponentFactory.java
src/br/unicamp/ic/sed/mobilemedia/mainuimidlet_exceptionhandler/impl/Manager.java
src/br/unicamp/ic/sed/mobilemedia/mainuimidlet_exceptionhandler/impl/IMobileResourcesAdapter.java
src/br/unicamp/ic/sed/mobilemedia/album/spec/dt/Constants.java
src/br/unicamp/ic/sed/mobilemedia/album/spec/req/ControllerInterface.java
src/br/unicamp/ic/sed/mobilemedia/album/spec/req/IFilesystem.java
src/br/unicamp/ic/sed/mobilemedia/album/spec/req/IMobileResources.java
src/br/unicamp/ic/sed/mobilemedia/album/spec/req/IPhoto.java
src/br/unicamp/ic/sed/mobilemedia/album/spec/req/IMobilePhone.java
src/br/unicamp/ic/sed/mobilemedia/album/spec/req/IExceptionHandler.java
src/br/unicamp/ic/sed/mobilemedia/album/spec/excep/InvalidImageFormatException.java
src/br/unicamp/ic/sed/mobilemedia/album/spec/excep/UnavailablePhotoAlbumException.java
src/br/unicamp/ic/sed/mobilemedia/album/spec/excep/InvalidArrayFormatException.java
src/br/unicamp/ic/sed/mobilemedia/album/spec/excep/PersistenceMechanismException.java
src/br/unicamp/ic/sed/mobilemedia/album/spec/excep/ImageNotFoundException.java
src/br/unicamp/ic/sed/mobilemedia/album/spec/excep/NullAlbumDataReference.java
src/br/unicamp/ic/sed/mobilemedia/album/spec/excep/InvalidImageDataException.java
src/br/unicamp/ic/sed/mobilemedia/album/spec/excep/ImagePathNotValidException.java
src/br/unicamp/ic/sed/mobilemedia/album/spec/excep/InvalidPhotoAlbumNameException.java
src/br/unicamp/ic/sed/mobilemedia/album/spec/prov/IManager.java
src/br/unicamp/ic/sed/mobilemedia/album/spec/prov/IAlbum.java
src/br/unicamp/ic/sed/mobilemedia/album/impl/ScreenSingleton.java
src/br/unicamp/ic/sed/mobilemedia/album/impl/ControllerInterface.java
src/br/unicamp/ic/sed/mobilemedia/album/impl/AbstractController.java
src/br/unicamp/ic/sed/mobilemedia/album/impl/AlbumListScreen.java
src/br/unicamp/ic/sed/mobilemedia/album/impl/NewAlbumScreen.java
src/br/unicamp/ic/sed/mobilemedia/album/impl/NewLabelScreen.java
src/br/unicamp/ic/sed/mobilemedia/album/impl/AlbumController.java
src/br/unicamp/ic/sed/mobilemedia/album/impl/Handler.java
src/br/unicamp/ic/sed/mobilemedia/album/impl/ComponentFactory.java
src/br/unicamp/ic/sed/mobilemedia/album/impl/Manager.java
src/br/unicamp/ic/sed/mobilemedia/album/impl/IAlbumFacade.java
src/br/unicamp/ic/sed/mobilemedia/mainuimidlet_album/impl/IManager.java
src/br/unicamp/ic/sed/mobilemedia/mainuimidlet_album/impl/ComponentFactory.java
src/br/unicamp/ic/sed/mobilemedia/mainuimidlet_album/impl/Manager.java
src/br/unicamp/ic/sed/mobilemedia/mainuimidlet_album/impl/IMobileResourcesAdapter.java
src/br/unicamp/ic/sed/mobilemedia/filesystemmgr/spec/dt/ImageData.java
src/br/unicamp/ic/sed/mobilemedia/filesystemmgr/spec/excep/InvalidImageFormatException.java
src/br/unicamp/ic/sed/mobilemedia/filesystemmgr/spec/excep/UnavailablePhotoAlbumException.java
src/br/unicamp/ic/sed/mobilemedia/filesystemmgr/spec/excep/InvalidArrayFormatException.java
src/br/unicamp/ic/sed/mobilemedia/filesystemmgr/spec/excep/PersistenceMechanismException.java
src/br/unicamp/ic/sed/mobilemedia/filesystemmgr/spec/excep/ImageNotFoundException.java
src/br/unicamp/ic/sed/mobilemedia/filesystemmgr/spec/excep/NullAlbumDataReference.java
src/br/unicamp/ic/sed/mobilemedia/filesystemmgr/spec/excep/InvalidImageDataException.java
src/br/unicamp/ic/sed/mobilemedia/filesystemmgr/spec/excep/ImagePathNotValidException.java
src/br/unicamp/ic/sed/mobilemedia/filesystemmgr/spec/excep/InvalidPhotoAlbumNameException.java
src/br/unicamp/ic/sed/mobilemedia/filesystemmgr/spec/prov/IManager.java
src/br/unicamp/ic/sed/mobilemedia/filesystemmgr/spec/prov/IFilesystem.java
src/br/unicamp/ic/sed/mobilemedia/filesystemmgr/impl/IFileSystemFacade.java
src/br/unicamp/ic/sed/mobilemedia/filesystemmgr/impl/ImageAccessor.java
src/br/unicamp/ic/sed/mobilemedia/filesystemmgr/impl/ComponentFactory.java
src/br/unicamp/ic/sed/mobilemedia/filesystemmgr/impl/ImageUtil.java
src/br/unicamp/ic/sed/mobilemedia/filesystemmgr/impl/AlbumData.java
src/br/unicamp/ic/sed/mobilemedia/filesystemmgr/impl/Manager.java
src/br/unicamp/ic/sed/mobilemedia/mobilephonemgr/spec/dt/ImageData.java
src/br/unicamp/ic/sed/mobilemedia/mobilephonemgr/spec/dt/Constants.java
src/br/unicamp/ic/sed/mobilemedia/mobilephonemgr/spec/req/IAlbum.java
src/br/unicamp/ic/sed/mobilemedia/mobilephonemgr/spec/req/IFilesystem.java
src/br/unicamp/ic/sed/mobilemedia/mobilephonemgr/spec/req/IMobileResources.java
src/br/unicamp/ic/sed/mobilemedia/mobilephonemgr/spec/req/IPhoto.java
src/br/unicamp/ic/sed/mobilemedia/mobilephonemgr/spec/excep/InvalidImageFormatException.java
src/br/unicamp/ic/sed/mobilemedia/mobilephonemgr/spec/excep/UnavailablePhotoAlbumException.java
src/br/unicamp/ic/sed/mobilemedia/mobilephonemgr/spec/excep/InvalidArrayFormatException.java
src/br/unicamp/ic/sed/mobilemedia/mobilephonemgr/spec/excep/PersistenceMechanismException.java
src/br/unicamp/ic/sed/mobilemedia/mobilephonemgr/spec/excep/ImageNotFoundException.java
src/br/unicamp/ic/sed/mobilemedia/mobilephonemgr/spec/excep/NullAlbumDataReference.java
src/br/unicamp/ic/sed/mobilemedia/mobilephonemgr/spec/excep/InvalidImageDataException.java
src/br/unicamp/ic/sed/mobilemedia/mobilephonemgr/spec/excep/ImagePathNotValidException.java
src/br/unicamp/ic/sed/mobilemedia/mobilephonemgr/spec/excep/InvalidPhotoAlbumNameException.java
src/br/unicamp/ic/sed/mobilemedia/mobilephonemgr/spec/prov/IManager.java
src/br/unicamp/ic/sed/mobilemedia/mobilephonemgr/spec/prov/IMobilePhone.java
src/br/unicamp/ic/sed/mobilemedia/mobilephonemgr/impl/ScreenSingleton.java
src/br/unicamp/ic/sed/mobilemedia/mobilephonemgr/impl/BaseController.java
src/br/unicamp/ic/sed/mobilemedia/mobilephonemgr/impl/ControllerInterface.java
src/br/unicamp/ic/sed/mobilemedia/mobilephonemgr/impl/AbstractController.java
src/br/unicamp/ic/sed/mobilemedia/mobilephonemgr/impl/IMobilePhoneMgrFacade.java
src/br/unicamp/ic/sed/mobilemedia/mobilephonemgr/impl/ComponentFactory.java
src/br/unicamp/ic/sed/mobilemedia/mobilephonemgr/impl/Manager.java
src/br/unicamp/ic/sed/mobilemedia/photo/spec/dt/Constants.java
src/br/unicamp/ic/sed/mobilemedia/photo/spec/req/IFilesystem.java
src/br/unicamp/ic/sed/mobilemedia/photo/spec/req/IMobileResources.java
src/br/unicamp/ic/sed/mobilemedia/photo/spec/req/IMobilePhone.java
src/br/unicamp/ic/sed/mobilemedia/photo/spec/req/IExceptionHandler.java
src/br/unicamp/ic/sed/mobilemedia/photo/spec/excep/InvalidImageFormatException.java
src/br/unicamp/ic/sed/mobilemedia/photo/spec/excep/UnavailablePhotoAlbumException.java
src/br/unicamp/ic/sed/mobilemedia/photo/spec/excep/InvalidArrayFormatException.java
src/br/unicamp/ic/sed/mobilemedia/photo/spec/excep/PersistenceMechanismException.java
src/br/unicamp/ic/sed/mobilemedia/photo/spec/excep/ImageNotFoundException.java
src/br/unicamp/ic/sed/mobilemedia/photo/spec/excep/NullAlbumDataReference.java
src/br/unicamp/ic/sed/mobilemedia/photo/spec/excep/InvalidImageDataException.java
src/br/unicamp/ic/sed/mobilemedia/photo/spec/excep/ImagePathNotValidException.java
src/br/unicamp/ic/sed/mobilemedia/photo/spec/excep/InvalidPhotoAlbumNameException.java
src/br/unicamp/ic/sed/mobilemedia/photo/spec/prov/IManager.java
src/br/unicamp/ic/sed/mobilemedia/photo/spec/prov/IPhoto.java
src/br/unicamp/ic/sed/mobilemedia/photo/impl/ScreenSingleton.java
src/br/unicamp/ic/sed/mobilemedia/photo/impl/PhotoViewController.java
src/br/unicamp/ic/sed/mobilemedia/photo/impl/ControllerInterface.java
src/br/unicamp/ic/sed/mobilemedia/photo/impl/AbstractController.java
src/br/unicamp/ic/sed/mobilemedia/photo/impl/AddPhotoToAlbum.java
src/br/unicamp/ic/sed/mobilemedia/photo/impl/PhotoListScreen.java
src/br/unicamp/ic/sed/mobilemedia/photo/impl/PhotoListController.java
src/br/unicamp/ic/sed/mobilemedia/photo/impl/NewLabelScreen.java
src/br/unicamp/ic/sed/mobilemedia/photo/impl/IPhotoFacade.java
src/br/unicamp/ic/sed/mobilemedia/photo/impl/Handler.java
src/br/unicamp/ic/sed/mobilemedia/photo/impl/ComponentFactory.java
src/br/unicamp/ic/sed/mobilemedia/photo/impl/PhotoViewScreen.java
src/br/unicamp/ic/sed/mobilemedia/photo/impl/Manager.java
src/br/unicamp/ic/sed/mobilemedia/photo/impl/PhotoController.java
src/br/unicamp/ic/sed/mobilemedia/photo_album/impl/IManager.java
src/br/unicamp/ic/sed/mobilemedia/photo_album/impl/IAdapterPhotoAlbum.java
src/br/unicamp/ic/sed/mobilemedia/photo_album/impl/ComponentFactory.java
src/br/unicamp/ic/sed/mobilemedia/photo_album/impl/Manager.java
src/br/unicamp/ic/sed/mobilemedia/mainuimidlet_photo/impl/IManager.java
src/br/unicamp/ic/sed/mobilemedia/mainuimidlet_photo/impl/ComponentFactory.java
src/br/unicamp/ic/sed/mobilemedia/mainuimidlet_photo/impl/Manager.java
src/br/unicamp/ic/sed/mobilemedia/mainuimidlet_photo/impl/IMobileResourcesAdapter.java
src/br/unicamp/ic/sed/mobilemedia/mainuimidlet_mobilephonemgr/impl/IManager.java
src/br/unicamp/ic/sed/mobilemedia/mainuimidlet_mobilephonemgr/impl/IAdapterMobilePhoneMgrMainMidlet.java
src/br/unicamp/ic/sed/mobilemedia/mainuimidlet_mobilephonemgr/impl/ComponentFactory.java
src/br/unicamp/ic/sed/mobilemedia/mainuimidlet_mobilephonemgr/impl/Manager.java
src/br/unicamp/ic/sed/mobilemedia/photo_exceptionhandler/impl/IManager.java
src/br/unicamp/ic/sed/mobilemedia/photo_exceptionhandler/impl/ComponentFactory.java
src/br/unicamp/ic/sed/mobilemedia/photo_exceptionhandler/impl/Manager.java
src/br/unicamp/ic/sed/mobilemedia/photo_exceptionhandler/impl/IAdapterPhotoEH.java
src/br/unicamp/ic/sed/mobilemedia/exceptionhandler/spec/req/IMobileResources.java
src/br/unicamp/ic/sed/mobilemedia/exceptionhandler/spec/prov/IManager.java
src/br/unicamp/ic/sed/mobilemedia/exceptionhandler/spec/prov/IExceptionHandler.java
src/br/unicamp/ic/sed/mobilemedia/exceptionhandler/impl/WarningExceptionHandler.java
src/br/unicamp/ic/sed/mobilemedia/exceptionhandler/impl/IExceptionHandlerFacade.java
src/br/unicamp/ic/sed/mobilemedia/exceptionhandler/impl/ComponentFactory.java
src/br/unicamp/ic/sed/mobilemedia/exceptionhandler/impl/Manager.java
